[debug] [2020-12-11T17:20:31.237Z] ----------------------------------------------------------------------
[debug] [2020-12-11T17:20:31.240Z] Command:       C:\Program Files\nodejs\node.exe C:\Users\DAB\AppData\Roaming\npm\node_modules\firebase-tools\lib\bin\firebase.js init
[debug] [2020-12-11T17:20:31.240Z] CLI Version:   8.18.1
[debug] [2020-12-11T17:20:31.240Z] Platform:      win32
[debug] [2020-12-11T17:20:31.240Z] Node Version:  v14.13.1
[debug] [2020-12-11T17:20:31.241Z] Time:          Sat Dec 12 2020 00:20:31 GMT+0700 (เวลาอินโดจีน)
[debug] [2020-12-11T17:20:31.242Z] ----------------------------------------------------------------------
[debug] [2020-12-11T17:20:31.242Z] 
[debug] [2020-12-11T17:20:31.250Z] > command requires scopes: ["email","openid","https://www.googleapis.com/auth/cloudplatformprojects.readonly","https://www.googleapis.com/auth/firebase","https://www.googleapis.com/auth/cloud-platform"]
[debug] [2020-12-11T17:20:31.251Z] > authorizing via signed-in user
[info] 
     ######## #### ########  ######## ########     ###     ######  ########
     ##        ##  ##     ## ##       ##     ##  ##   ##  ##       ##
     ######    ##  ########  ######   ########  #########  ######  ######
     ##        ##  ##    ##  ##       ##     ## ##     ##       ## ##
     ##       #### ##     ## ######## ########  ##     ##  ######  ########

You're about to initialize a Firebase project in this directory:

  C:\Users\DAB\Desktop\New folder\reserveation\reserve

[info] 
=== Project Setup
[info] 
[info] First, let's associate this project directory with a Firebase project.
[info] You can create multiple project aliases by running firebase use --add, 
[info] but for now we'll just set up a default project.
[info] 
[debug] [2020-12-11T17:20:49.188Z] >>> HTTP REQUEST GET https://firebase.googleapis.com/v1beta1/projects?pageSize=100  
 
[debug] [2020-12-11T17:20:49.730Z] <<< HTTP RESPONSE 200 {"content-type":"application/json; charset=UTF-8","vary":"X-Origin, Referer, Origin,Accept-Encoding","date":"Fri, 11 Dec 2020 17:20:49 GMT","server":"ESF","cache-control":"private","x-xss-protection":"0","x-frame-options":"SAMEORIGIN","x-content-type-options":"nosniff","alt-svc":"h3-29=\":443\"; ma=2592000,h3-T051=\":443\"; ma=2592000,h3-Q050=\":443\"; ma=2592000,h3-Q046=\":443\"; ma=2592000,h3-Q043=\":443\"; ma=2592000,quic=\":443\"; ma=2592000; v=\"46,43\"","accept-ranges":"none","transfer-encoding":"chunked"}
[info] i  Using project kmutt-reservation (KMUTT RESERVATION) 
[info] 
=== Database Setup
[info] i  database: ensuring required API firebasedatabase.googleapis.com is enabled... 
[debug] [2020-12-11T17:20:50.974Z] >>> HTTP REQUEST GET https://serviceusage.googleapis.com/v1/projects/kmutt-reservation/services/firebasedatabase.googleapis.com  
 
[debug] [2020-12-11T17:20:52.392Z] <<< HTTP RESPONSE 200 {"content-type":"application/json; charset=UTF-8","vary":"X-Origin, Referer, Origin,Accept-Encoding","date":"Fri, 11 Dec 2020 17:20:52 GMT","server":"ESF","cache-control":"private","x-xss-protection":"0","x-frame-options":"SAMEORIGIN","x-content-type-options":"nosniff","alt-svc":"h3-29=\":443\"; ma=2592000,h3-T051=\":443\"; ma=2592000,h3-Q050=\":443\"; ma=2592000,h3-Q046=\":443\"; ma=2592000,h3-Q043=\":443\"; ma=2592000,quic=\":443\"; ma=2592000; v=\"46,43\"","accept-ranges":"none","transfer-encoding":"chunked"}
[info] +  database: required API firebasedatabase.googleapis.com is enabled 
[info] 
[debug] [2020-12-11T17:20:52.395Z] >>> HTTP REQUEST GET https://firebasedatabase.googleapis.com/v1beta/projects/kmutt-reservation/locations/-/instances/kmutt-reservation  
 
[debug] [2020-12-11T17:20:52.887Z] <<< HTTP RESPONSE 200 {"content-type":"application/json; charset=UTF-8","vary":"X-Origin, Referer, Origin,Accept-Encoding","date":"Fri, 11 Dec 2020 17:20:52 GMT","server":"ESF","cache-control":"private","x-xss-protection":"0","x-frame-options":"SAMEORIGIN","x-content-type-options":"nosniff","alt-svc":"h3-29=\":443\"; ma=2592000,h3-T051=\":443\"; ma=2592000,h3-Q050=\":443\"; ma=2592000,h3-Q046=\":443\"; ma=2592000,h3-Q043=\":443\"; ma=2592000,quic=\":443\"; ma=2592000; v=\"46,43\"","accept-ranges":"none","transfer-encoding":"chunked"}
[info] 
[info] Firebase Realtime Database Security Rules allow you to define how your data should be
[info] structured and when your data can be read from and written to.
[info] 
[debug] [2020-12-11T17:27:42.796Z] >>> HTTP REQUEST GET https://kmutt-reservation.firebaseio.com/.settings/rules.json  
 
[debug] [2020-12-11T17:27:43.959Z] <<< HTTP RESPONSE 200 {"server":"nginx","date":"Fri, 11 Dec 2020 17:27:43 GMT","content-type":"application/json; charset=utf-8","content-length":"161","connection":"keep-alive","access-control-allow-origin":"*","cache-control":"no-cache","strict-transport-security":"max-age=31556926; includeSubDomains; preload"}
[info] +  Database Rules for kmutt-reservation have been written to np. 
[info] Future modifications to np will update Realtime Database Security Rules when you run
[info] firebase deploy.
[info] 
=== Hosting Setup
[info] 
[info] Your public directory is the folder (relative to your project directory) that
[info] will contain Hosting assets to be uploaded with firebase deploy. If you
[info] have a build process for your assets, use your build's output directory.
[info] 
[debug] [2020-12-11T17:28:00.141Z] >>> [apiv2][query] GET https://www.gstatic.com/firebasejs/releases.json [none]
[debug] [2020-12-11T17:28:00.261Z] <<< [apiv2][status] GET https://www.gstatic.com/firebasejs/releases.json 200
[debug] [2020-12-11T17:28:00.261Z] <<< [apiv2][body] GET https://www.gstatic.com/firebasejs/releases.json {"current":{"version":"8.1.2","browserURL":"https://www.gstatic.com/firebasejs/8.1.2/firebase.js","packageURL":"https://www.gstatic.com/firebasejs/8.1.2/firebase.tgz"},"live":{"version":"8.1","browserURL":"https://www.gstatic.com/firebasejs/live/8.1/firebase.js","packageURL":"https://www.gstatic.com/firebasejs/live/8.1/firebase.tgz"},"components":{"analytics":"https://www.gstatic.com/firebasejs/8.1.2/firebase-analytics.js","app":"https://www.gstatic.com/firebasejs/8.1.2/firebase-app.js","auth":"https://www.gstatic.com/firebasejs/8.1.2/firebase-auth.js","database":"https://www.gstatic.com/firebasejs/8.1.2/firebase-database.js","firestore":"https://www.gstatic.com/firebasejs/8.1.2/firebase-firestore.js","functions":"https://www.gstatic.com/firebasejs/8.1.2/firebase-functions.js","installations":"https://www.gstatic.com/firebasejs/8.1.2/firebase-installations.js","messaging":"https://www.gstatic.com/firebasejs/8.1.2/firebase-messaging.js","storage":"https://www.gstatic.com/firebasejs/8.1.2/firebase-storage.js","performance":"https://www.gstatic.com/firebasejs/8.1.2/firebase-performance.js","remote-config":"https://www.gstatic.com/firebasejs/8.1.2/firebase-remote-config.js","firestore.memory":"https://www.gstatic.com/firebasejs/8.1.2/firebase-firestore.memory.js"}}
[debug] [2020-12-11T17:28:00.383Z] Error: ENOENT: no such file or directory, open 'C:\Users\DAB\Desktop\New folder\reserveation\reserve\np\index.html'
    at Object.openSync (fs.js:474:3)
    at Object.writeFileSync (fs.js:1436:35)
    at Object.createFileSync (C:\Users\DAB\AppData\Roaming\npm\node_modules\firebase-tools\node_modules\fs-extra\lib\ensure\file.js:34:6)
    at Config.writeProjectFile (C:\Users\DAB\AppData\Roaming\npm\node_modules\firebase-tools\lib\config.js:155:8)
    at C:\Users\DAB\AppData\Roaming\npm\node_modules\firebase-tools\lib\config.js:174:18
    at processTicksAndRejections (internal/process/task_queues.js:93:5)
[error] 
[error] Error: An unexpected error has occurred.
